<?xml version="1.0" encoding="UTF-8"?>
<testsuite name="starter.CucumberTestSuite" tests="0" skipped="0" failures="0" errors="0" timestamp="1970-01-01T00:00:00" hostname="iMac-de-juan.local" time="0.0">
  <properties/>
  <system-out><![CDATA[15:32:11.888 [Test worker] INFO  n.t.c.steps.ConsoleLoggingListener - 

-------------------------------------------------------------------------------------
     _______. _______ .______       _______ .__   __.  __  .___________.____    ____ 
    /       ||   ____||   _  \     |   ____||  \ |  | |  | |           |\   \  /   / 
   |   (----`|  |__   |  |_)  |    |  |__   |   \|  | |  | `---|  |----` \   \/   /  
    \   \    |   __|  |      /     |   __|  |  . `  | |  |     |  |       \_    _/   
.----)   |   |  |____ |  |\  \----.|  |____ |  |\   | |  |     |  |         |  |     
|_______/    |_______|| _| `._____||_______||__| \__| |__|     |__|         |__|    
                                                                                     
 News and tutorials at http://www.serenity-bdd.info                                  
 Documentation at https://wakaleo.gitbooks.io/the-serenity-book/content/             
 Join the Serenity Community on Rocket Chat at https://serenity-bdd.rocket.chat      
 Serenity BDD Support and Training at http://serenity-bdd.info/#/trainingandsupport  
 Learn Serenity BDD online at http://serenity-dojo.com                               
-------------------------------------------------------------------------------------

15:32:11.895 [Test worker] INFO  n.t.c.steps.ConsoleLoggingListener - Test Suite Started: Create user
15:32:11.910 [Test worker] INFO  n.t.c.steps.ConsoleLoggingListener - Test Suite Started: Create user
15:32:39.305 [Test worker] ERROR n.t.c.steps.ConsoleLoggingListener - 
           __  _____ _____ ____ _____   _____ _    ___ _     _____ ____  
  _       / / |_   _| ____/ ___|_   _| |  ___/ \  |_ _| |   | ____|  _ \ 
 (_)_____| |    | | |  _| \___ \ | |   | |_ / _ \  | || |   |  _| | | | |
  _|_____| |    | | | |___ ___) || |   |  _/ ___ \ | || |___| |___| |_| |
 (_)     | |    |_| |_____|____/ |_|   |_|/_/   \_\___|_____|_____|____/ 
          \_\                                                            

TEST FAILED: Facebook Login And Like
--------------------------------------------------------------------------
15:32:39.363 [Test worker] ERROR n.t.c.steps.ConsoleLoggingListener - TEST FAILED AT STEP When "https://www.facebook.com/photo.php?fbid=10219983675638494&set=a.4219660566042&type=3&theater" publicacion a darle like
15:32:39.363 [Test worker] ERROR n.t.c.steps.ConsoleLoggingListener - Expected: an element that is visible but: no matching element found by xpath: //div[@class='_6iiu']//span[@class=' _18vi']//div[@class='_666k']//a[@class=' _6a-y _3l2t  _18vj']
Feature: createUser

  Scenario Outline: Facebook Login And Like ?[90m# src/test/resources/features/test/facebookLoginAndLike.feature:3?[0m
    ?[36mGiven "<email>" login user "<password>"?[0m
    ?[36mWhen "<Publication>" publicacion a darle like?[0m
    ?[36mThen serra sección?[0m

    Examples: 

  Scenario Outline: Facebook Login And Like                                                                                      ?[90m# src/test/resources/features/test/facebookLoginAndLike.feature:13?[0m
    ?[32mGiven ?[0m?[32m?[0m?[32m?[1m"juanes9444@hotmail.com"?[0m?[32m login user ?[0m?[32m?[1m"1994juanes"?[0m                                                                       ?[90m# FacebookLoginAndLike.login_user(String,String)?[0m
    ?[31mWhen ?[0m?[31m?[0m?[31m?[1m"https://www.facebook.com/photo.php?fbid=10219983675638494&set=a.4219660566042&type=3&theater"?[0m?[31m publicacion a darle like?[0m ?[90m# FacebookLoginAndLike.publicacion_a_darle_like(String)?[0m
      ?[31mjava.lang.AssertionError: 
Expected: an element that is visible
     but: no matching element found by xpath: //div[@class='_6iiu']//span[@class=' _18vi']//div[@class='_666k']//a[@class=' _6a-y _3l2t  _18vj']
	at net.serenitybdd.screenplay.ErrorTally.throwSummaryExceptionFrom(ErrorTally.java:36)
	at net.serenitybdd.screenplay.ErrorTally.reportAnyErrors(ErrorTally.java:30)
	at net.serenitybdd.screenplay.Actor.should(Actor.java:300)
	at net.serenitybdd.screenplay.waits.WaitUntilBuilder$1.performAs(WaitUntilBuilder.java:29)
	at net.serenitybdd.screenplay.Actor.performTask(Actor.java:232)
	at net.serenitybdd.screenplay.Actor.perform(Actor.java:213)
	at net.serenitybdd.screenplay.Actor.performSilently(Actor.java:193)
	at net.serenitybdd.screenplay.Actor.attemptsTo(Actor.java:166)
	at starter.task.facebook.LoginAndLikePublication.performAs(LoginAndLikePublication.java:52)
	at net.serenitybdd.screenplay.Actor.performTask(Actor.java:232)
	at net.serenitybdd.screenplay.Actor.perform(Actor.java:213)
	at net.serenitybdd.screenplay.Actor.performWithoutReporting(Actor.java:197)
	at net.serenitybdd.screenplay.Actor.attemptsTo(Actor.java:168)
	at starter.stepdefinitions.FacebookLoginAndLike.publicacion_a_darle_like(FacebookLoginAndLike.java:54)
	at ✽."https://www.facebook.com/photo.php?fbid=10219983675638494&set=a.4219660566042&type=3&theater" publicacion a darle like(src/test/resources/features/test/facebookLoginAndLike.feature:7)
?[0m
    ?[36mThen ?[0m?[36mserra sección?[0m                                                                                                           ?[90m# FacebookLoginAndLike.serra_sección()?[0m

?[31mFailed scenarios:?[0m
?[31msrc/test/resources/features/test/facebookLoginAndLike.feature:13 ?[0m# Facebook Login And Like

1 Scenarios (?[31m1 failed?[0m)
3 Steps (?[31m1 failed?[0m, ?[36m1 skipped?[0m, ?[32m1 passed?[0m)
0m27,567s

java.lang.AssertionError: 
Expected: an element that is visible
     but: no matching element found by xpath: //div[@class='_6iiu']//span[@class=' _18vi']//div[@class='_666k']//a[@class=' _6a-y _3l2t  _18vj']
	at net.serenitybdd.screenplay.ErrorTally.throwSummaryExceptionFrom(ErrorTally.java:36)
	at net.serenitybdd.screenplay.ErrorTally.reportAnyErrors(ErrorTally.java:30)
	at net.serenitybdd.screenplay.Actor.should(Actor.java:300)
	at net.serenitybdd.screenplay.waits.WaitUntilBuilder$1.performAs(WaitUntilBuilder.java:29)
	at net.serenitybdd.screenplay.Actor.performTask(Actor.java:232)
	at net.serenitybdd.screenplay.Actor.perform(Actor.java:213)
	at net.serenitybdd.screenplay.Actor.performSilently(Actor.java:193)
	at net.serenitybdd.screenplay.Actor.attemptsTo(Actor.java:166)
	at starter.task.facebook.LoginAndLikePublication.performAs(LoginAndLikePublication.java:52)
	at net.serenitybdd.screenplay.Actor.performTask(Actor.java:232)
	at net.serenitybdd.screenplay.Actor.perform(Actor.java:213)
	at net.serenitybdd.screenplay.Actor.performWithoutReporting(Actor.java:197)
	at net.serenitybdd.screenplay.Actor.attemptsTo(Actor.java:168)
	at starter.stepdefinitions.FacebookLoginAndLike.publicacion_a_darle_like(FacebookLoginAndLike.java:54)
	at ✽."https://www.facebook.com/photo.php?fbid=10219983675638494&set=a.4219660566042&type=3&theater" publicacion a darle like(src/test/resources/features/test/facebookLoginAndLike.feature:7)

]]></system-out>
  <system-err><![CDATA[]]></system-err>
</testsuite>
