<?xml version="1.0" encoding="UTF-8"?>
<testsuite name="starter.CucumberTestSuite" tests="0" skipped="0" failures="0" errors="0" timestamp="1970-01-01T00:00:00" hostname="iMac-de-juan.local" time="0.0">
  <properties/>
  <system-out><![CDATA[10:14:20.698 [Test worker] INFO  n.t.c.steps.ConsoleLoggingListener - 

-------------------------------------------------------------------------------------
     _______. _______ .______       _______ .__   __.  __  .___________.____    ____ 
    /       ||   ____||   _  \     |   ____||  \ |  | |  | |           |\   \  /   / 
   |   (----`|  |__   |  |_)  |    |  |__   |   \|  | |  | `---|  |----` \   \/   /  
    \   \    |   __|  |      /     |   __|  |  . `  | |  |     |  |       \_    _/   
.----)   |   |  |____ |  |\  \----.|  |____ |  |\   | |  |     |  |         |  |     
|_______/    |_______|| _| `._____||_______||__| \__| |__|     |__|         |__|    
                                                                                     
 News and tutorials at http://www.serenity-bdd.info                                  
 Documentation at https://wakaleo.gitbooks.io/the-serenity-book/content/             
 Join the Serenity Community on Rocket Chat at https://serenity-bdd.rocket.chat      
 Serenity BDD Support and Training at http://serenity-bdd.info/#/trainingandsupport  
 Learn Serenity BDD online at http://serenity-dojo.com                               
-------------------------------------------------------------------------------------

10:14:20.705 [Test worker] INFO  n.t.c.steps.ConsoleLoggingListener - Test Suite Started: Login test serenity hakeadon
10:14:20.717 [Test worker] INFO  n.t.c.steps.ConsoleLoggingListener - Test Suite Started: Login test serenity hakeadon
10:14:27.574 [Test worker] INFO  n.t.c.steps.ConsoleLoggingListener - 
        __    _____ _____ ____ _____   ____   _    ____  ____  _____ ____  
  _     \ \  |_   _| ____/ ___|_   _| |  _ \ / \  / ___|/ ___|| ____|  _ \ 
 (_)_____| |   | | |  _| \___ \ | |   | |_) / _ \ \___ \\___ \|  _| | | | |
  _|_____| |   | | | |___ ___) || |   |  __/ ___ \ ___) |___) | |___| |_| |
 (_)     | |   |_| |_____|____/ |_|   |_| /_/   \_\____/|____/|_____|____/ 
        /_/                                                                

TEST PASSED: login test2
----------------------------------------------------------------------------
10:14:33.206 [Test worker] INFO  n.t.c.steps.ConsoleLoggingListener - 
        __    _____ _____ ____ _____   ____   _    ____  ____  _____ ____  
  _     \ \  |_   _| ____/ ___|_   _| |  _ \ / \  / ___|/ ___|| ____|  _ \ 
 (_)_____| |   | | |  _| \___ \ | |   | |_) / _ \ \___ \\___ \|  _| | | | |
  _|_____| |   | | | |___ ___) || |   |  __/ ___ \ ___) |___) | |___| |_| |
 (_)     | |   |_| |_____|____/ |_|   |_| /_/   \_\____/|____/|_____|____/ 
        /_/                                                                

TEST PASSED: login test
----------------------------------------------------------------------------
Feature: login_test_serenity_hakeadon

  Scenario: login test2           ?[90m# src/test/resources/features/test/test_example.feature:3?[0m
    ?[32mGiven ?[0m?[32m?[0m?[32m?[1m"Sergey"?[0m?[32m ejemplo test?[0m   ?[90m# ejemplo_test2.initial(String)?[0m
    ?[32mWhen ?[0m?[32mel buscan ?[0m?[32m?[1m"cucumber"?[0m     ?[90m# ejemplo_test2.search_for_test(String)?[0m
    ?[32mThen ?[0m?[32mvalidar titulos ?[0m?[32m?[1m"17,800"?[0m ?[90m# ejemplo_test2.validate_titles(String)?[0m

Feature: login_test_serenity_hakeadon

  Scenario: login test            ?[90m# src/test/resources/features/test/test_example2.feature:3?[0m
    ?[32mGiven ?[0m?[32m?[0m?[32m?[1m"Sergey"?[0m?[32m ejemplo test?[0m   ?[90m# ejemplo_test2.initial(String)?[0m
    ?[32mWhen ?[0m?[32mel buscan ?[0m?[32m?[1m"cucumber"?[0m     ?[90m# ejemplo_test2.search_for_test(String)?[0m
    ?[32mThen ?[0m?[32mvalidar titulos ?[0m?[32m?[1m"17,800"?[0m ?[90m# ejemplo_test2.validate_titles(String)?[0m

2 Scenarios (?[32m2 passed?[0m)
6 Steps (?[32m6 passed?[0m)
0m12,602s

]]></system-out>
  <system-err><![CDATA[]]></system-err>
</testsuite>
