<?xml version="1.0" encoding="UTF-8"?>
<testsuite name="starter.CucumberTestSuite" tests="0" skipped="0" failures="0" errors="0" timestamp="1970-01-01T00:00:00" hostname="iMac-de-juan.local" time="0.0">
  <properties/>
  <system-out><![CDATA[16:50:51.282 [Test worker] INFO  n.t.c.steps.ConsoleLoggingListener - 

-------------------------------------------------------------------------------------
     _______. _______ .______       _______ .__   __.  __  .___________.____    ____ 
    /       ||   ____||   _  \     |   ____||  \ |  | |  | |           |\   \  /   / 
   |   (----`|  |__   |  |_)  |    |  |__   |   \|  | |  | `---|  |----` \   \/   /  
    \   \    |   __|  |      /     |   __|  |  . `  | |  |     |  |       \_    _/   
.----)   |   |  |____ |  |\  \----.|  |____ |  |\   | |  |     |  |         |  |     
|_______/    |_______|| _| `._____||_______||__| \__| |__|     |__|         |__|    
                                                                                     
 News and tutorials at http://www.serenity-bdd.info                                  
 Documentation at https://wakaleo.gitbooks.io/the-serenity-book/content/             
 Join the Serenity Community on Rocket Chat at https://serenity-bdd.rocket.chat      
 Serenity BDD Support and Training at http://serenity-bdd.info/#/trainingandsupport  
 Learn Serenity BDD online at http://serenity-dojo.com                               
-------------------------------------------------------------------------------------

16:50:51.291 [Test worker] INFO  n.t.c.steps.ConsoleLoggingListener - Test Suite Started: Create user
16:51:17.020 [Test worker] INFO  n.t.c.steps.ConsoleLoggingListener - 
        __    _____ _____ ____ _____   ____   _    ____  ____  _____ ____  
  _     \ \  |_   _| ____/ ___|_   _| |  _ \ / \  / ___|/ ___|| ____|  _ \ 
 (_)_____| |   | | |  _| \___ \ | |   | |_) / _ \ \___ \\___ \|  _| | | | |
  _|_____| |   | | | |___ ___) || |   |  __/ ___ \ ___) |___) | |___| |_| |
 (_)     | |   |_| |_____|____/ |_|   |_| /_/   \_\____/|____/|_____|____/ 
        /_/                                                                

TEST PASSED: Facebook Register
----------------------------------------------------------------------------
Feature: createUser

  Scenario: Facebook Register                                                ?[90m# src/test/resources/features/test/facebookRegister.feature:3?[0m
    ?[32mGiven ?[0m?[32m?[0m?[32m?[1m"fernando2342@mailboxt.com"?[0m?[32m usuario nuevo con ?[0m?[32m?[1m"*Testcreate898798*"?[0m ?[90m# FacebookRegister.usuario_nuevo_con(String,String)?[0m
    ?[32mWhen ?[0m?[32m?[0m?[32m?[1m"fernado"?[0m?[32m nombre ,?[0m?[32m?[1m"montoya"?[0m?[32m apellido?[0m                                ?[90m# FacebookRegister.nombre_apellido(String,String)?[0m
    ?[32mThen ?[0m?[32mcrear el usurio ?[0m?[32m?[1m"3042016808"?[0m                                        ?[90m# FacebookRegister.crear_el_usurio(String)?[0m

1 Scenarios (?[32m1 passed?[0m)
3 Steps (?[32m3 passed?[0m)
0m25,843s

]]></system-out>
  <system-err><![CDATA[]]></system-err>
</testsuite>
