<?xml version="1.0" encoding="UTF-8"?>
<testsuite name="starter.CucumberTestSuite" tests="0" skipped="0" failures="0" errors="0" timestamp="1970-01-01T00:00:00" hostname="iMac-de-juan.local" time="0.0">
  <properties/>
  <system-out><![CDATA[09:39:13.819 [Test worker] INFO  n.t.c.steps.ConsoleLoggingListener - 

-------------------------------------------------------------------------------------
     _______. _______ .______       _______ .__   __.  __  .___________.____    ____ 
    /       ||   ____||   _  \     |   ____||  \ |  | |  | |           |\   \  /   / 
   |   (----`|  |__   |  |_)  |    |  |__   |   \|  | |  | `---|  |----` \   \/   /  
    \   \    |   __|  |      /     |   __|  |  . `  | |  |     |  |       \_    _/   
.----)   |   |  |____ |  |\  \----.|  |____ |  |\   | |  |     |  |         |  |     
|_______/    |_______|| _| `._____||_______||__| \__| |__|     |__|         |__|    
                                                                                     
 News and tutorials at http://www.serenity-bdd.info                                  
 Documentation at https://wakaleo.gitbooks.io/the-serenity-book/content/             
 Join the Serenity Community on Rocket Chat at https://serenity-bdd.rocket.chat      
 Serenity BDD Support and Training at http://serenity-bdd.info/#/trainingandsupport  
 Learn Serenity BDD online at http://serenity-dojo.com                               
-------------------------------------------------------------------------------------

09:39:13.825 [Test worker] INFO  n.t.c.steps.ConsoleLoggingListener - Test Suite Started: Search by keyword
09:39:14.122 [Test worker] ERROR n.t.c.steps.ConsoleLoggingListener - 
           __  _____ _____ ____ _____   _____ _    ___ _     _____ ____  
  _       / / |_   _| ____/ ___|_   _| |  ___/ \  |_ _| |   | ____|  _ \ 
 (_)_____| |    | | |  _| \___ \ | |   | |_ / _ \  | || |   |  _| | | | |
  _|_____| |    | | | |___ ___) || |   |  _/ ___ \ | || |___| |___| |_| |
 (_)     | |    |_| |_____|____/ |_|   |_|/_/   \_\___|_____|_____|____/ 
          \_\                                                            

TEST FAILED WITH ERROR: Searching on toutube
---------------------------------------------------------------------
09:39:14.174 [Test worker] ERROR n.t.c.steps.ConsoleLoggingListener - TEST FAILED AT STEP When el buscan "blid guardian"
09:39:14.174 [Test worker] ERROR n.t.c.steps.ConsoleLoggingListener - Could not find a matching constructor for class class starter.task.Search_task with parameters [blid guardian]
Feature: Search by keyword

  Scenario: Searching on toutube                                  ?[90m# src/test/resources/features/search/search_video_on_youtube.feature:3?[0m
    ?[32mGiven ?[0m?[32m?[0m?[32m?[1mSergey?[0m?[32m ejemplo test?[0m                                     ?[90m# search_video.initial(String)?[0m
    ?[31mWhen ?[0m?[31mel buscan ?[0m?[31m?[1m"blid guardian"?[0m                                ?[90m# search_video.search_for_test(String)?[0m
      ?[31mjava.lang.IllegalArgumentException: Could not find a matching constructor for class class starter.task.Search_task with parameters [blid guardian]
	at net.thucydides.core.steps.StepFactory.argumentTypesFrom(StepFactory.java:222)
	at net.thucydides.core.steps.StepFactory.immutableStepLibrary(StepFactory.java:212)
	at net.thucydides.core.steps.StepFactory.createProxyStepLibrary(StepFactory.java:203)
	at net.thucydides.core.steps.StepFactory.instantiateUniqueStepLibraryFor(StepFactory.java:179)
	at net.thucydides.core.steps.StepFactory.getUniqueStepLibraryFor(StepFactory.java:115)
	at net.serenitybdd.screenplay.Tasks.instrumented(Tasks.java:12)
	at starter.task.Search_task.search_one_video(Search_task.java:20)
	at starter.stepdefinitions.search_video.search_for_test(search_video.java:34)
	at ?.el buscan "blid guardian"(src/test/resources/features/search/search_video_on_youtube.feature:5)
?[0m
    ?[36mThen ?[0m?[36mall the result titles should contain the word ?[0m?[36m?[1m"cucumber"?[0m ?[90m# SearchOnDuckDuckGoStepDefinitions.all_the_result_titles_should_contain_the_word(String)?[0m

?[31mFailed scenarios:?[0m
?[31msrc/test/resources/features/search/search_video_on_youtube.feature:3 ?[0m# Searching on toutube

1 Scenarios (?[31m1 failed?[0m)
3 Steps (?[31m1 failed?[0m, ?[36m1 skipped?[0m, ?[32m1 passed?[0m)
0m0,449s

java.lang.IllegalArgumentException: Could not find a matching constructor for class class starter.task.Search_task with parameters [blid guardian]
	at net.thucydides.core.steps.StepFactory.argumentTypesFrom(StepFactory.java:222)
	at net.thucydides.core.steps.StepFactory.immutableStepLibrary(StepFactory.java:212)
	at net.thucydides.core.steps.StepFactory.createProxyStepLibrary(StepFactory.java:203)
	at net.thucydides.core.steps.StepFactory.instantiateUniqueStepLibraryFor(StepFactory.java:179)
	at net.thucydides.core.steps.StepFactory.getUniqueStepLibraryFor(StepFactory.java:115)
	at net.serenitybdd.screenplay.Tasks.instrumented(Tasks.java:12)
	at starter.task.Search_task.search_one_video(Search_task.java:20)
	at starter.stepdefinitions.search_video.search_for_test(search_video.java:34)
	at ?.el buscan "blid guardian"(src/test/resources/features/search/search_video_on_youtube.feature:5)

]]></system-out>
  <system-err><![CDATA[]]></system-err>
</testsuite>
