<?xml version="1.0" encoding="UTF-8"?>
<testsuite name="starter.CucumberTestSuite" tests="0" skipped="0" failures="0" errors="0" timestamp="1970-01-01T00:00:00" hostname="iMac-de-juan.local" time="0.0">
  <properties/>
  <system-out><![CDATA[15:29:34.608 [Test worker] INFO  n.t.c.steps.ConsoleLoggingListener - 

-------------------------------------------------------------------------------------
     _______. _______ .______       _______ .__   __.  __  .___________.____    ____ 
    /       ||   ____||   _  \     |   ____||  \ |  | |  | |           |\   \  /   / 
   |   (----`|  |__   |  |_)  |    |  |__   |   \|  | |  | `---|  |----` \   \/   /  
    \   \    |   __|  |      /     |   __|  |  . `  | |  |     |  |       \_    _/   
.----)   |   |  |____ |  |\  \----.|  |____ |  |\   | |  |     |  |         |  |     
|_______/    |_______|| _| `._____||_______||__| \__| |__|     |__|         |__|    
                                                                                     
 News and tutorials at http://www.serenity-bdd.info                                  
 Documentation at https://wakaleo.gitbooks.io/the-serenity-book/content/             
 Join the Serenity Community on Rocket Chat at https://serenity-bdd.rocket.chat      
 Serenity BDD Support and Training at http://serenity-bdd.info/#/trainingandsupport  
 Learn Serenity BDD online at http://serenity-dojo.com                               
-------------------------------------------------------------------------------------

15:29:34.615 [Test worker] INFO  n.t.c.steps.ConsoleLoggingListener - Test Suite Started: Login test serenity hakeadon
15:29:42.235 [Test worker] ERROR n.t.c.steps.ConsoleLoggingListener - 
           __  _____ _____ ____ _____   _____ _    ___ _     _____ ____  
  _       / / |_   _| ____/ ___|_   _| |  ___/ \  |_ _| |   | ____|  _ \ 
 (_)_____| |    | | |  _| \___ \ | |   | |_ / _ \  | || |   |  _| | | | |
  _|_____| |    | | | |___ ___) || |   |  _/ ___ \ | || |___| |___| |_| |
 (_)     | |    |_| |_____|____/ |_|   |_|/_/   \_\___|_____|_____|____/ 
          \_\                                                            

TEST FAILED: login test
--------------------------------------------------------------------------
15:29:42.286 [Test worker] ERROR n.t.c.steps.ConsoleLoggingListener - TEST FAILED AT STEP Then prueba de visualizacion balance should be '$17,800'
15:29:42.287 [Test worker] ERROR n.t.c.steps.ConsoleLoggingListener - Expected: "$17,800" but: was "$350%7"
Feature: login_test_serenity_hakeadon

  Scenario: login test             ?[90m# src/test/resources/features/test/test_example.feature:3?[0m
    ?[32mGiven ?[0m?[32m?[0m?[32m?[1m"Sergey"?[0m?[32m ejemplo test?[0m    ?[90m# ejemplo_test2.initial(String)?[0m
    ?[32mWhen ?[0m?[32mel buscan ?[0m?[32m?[1m"cucumber"?[0m      ?[90m# ejemplo_test2.search_for_test(String)?[0m
    ?[31mThen ?[0m?[31mvalidar titulos ?[0m?[31m?[1m"$17,800"?[0m ?[90m# ejemplo_test2.validate_titles(String)?[0m
      ?[31mjava.lang.AssertionError: 
Expected: "$17,800"
     but: was "$350%7"
	at net.serenitybdd.screenplay.ErrorTally.throwSummaryExceptionFrom(ErrorTally.java:36)
	at net.serenitybdd.screenplay.ErrorTally.reportAnyErrors(ErrorTally.java:30)
	at net.serenitybdd.screenplay.Actor.should(Actor.java:300)
	at starter.stepdefinitions.ejemplo_test2.validate_titles(ejemplo_test2.java:47)
	at ?.validar titulos "$17,800"(src/test/resources/features/test/test_example.feature:6)
?[0m

?[31mFailed scenarios:?[0m
?[31msrc/test/resources/features/test/test_example.feature:3 ?[0m# login test

1 Scenarios (?[31m1 failed?[0m)
3 Steps (?[31m1 failed?[0m, ?[32m2 passed?[0m)
0m7,772s

java.lang.AssertionError: 
Expected: "$17,800"
     but: was "$350%7"
	at net.serenitybdd.screenplay.ErrorTally.throwSummaryExceptionFrom(ErrorTally.java:36)
	at net.serenitybdd.screenplay.ErrorTally.reportAnyErrors(ErrorTally.java:30)
	at net.serenitybdd.screenplay.Actor.should(Actor.java:300)
	at starter.stepdefinitions.ejemplo_test2.validate_titles(ejemplo_test2.java:47)
	at ?.validar titulos "$17,800"(src/test/resources/features/test/test_example.feature:6)

]]></system-out>
  <system-err><![CDATA[]]></system-err>
</testsuite>
