<?xml version="1.0" encoding="UTF-8"?>
<testsuite name="starter.CucumberTestSuite" tests="0" skipped="0" failures="0" errors="0" timestamp="1970-01-01T00:00:00" hostname="iMac-de-juan.local" time="0.0">
  <properties/>
  <system-out><![CDATA[11:12:42.467 [Test worker] INFO  n.t.c.steps.ConsoleLoggingListener - 

-------------------------------------------------------------------------------------
     _______. _______ .______       _______ .__   __.  __  .___________.____    ____ 
    /       ||   ____||   _  \     |   ____||  \ |  | |  | |           |\   \  /   / 
   |   (----`|  |__   |  |_)  |    |  |__   |   \|  | |  | `---|  |----` \   \/   /  
    \   \    |   __|  |      /     |   __|  |  . `  | |  |     |  |       \_    _/   
.----)   |   |  |____ |  |\  \----.|  |____ |  |\   | |  |     |  |         |  |     
|_______/    |_______|| _| `._____||_______||__| \__| |__|     |__|         |__|    
                                                                                     
 News and tutorials at http://www.serenity-bdd.info                                  
 Documentation at https://wakaleo.gitbooks.io/the-serenity-book/content/             
 Join the Serenity Community on Rocket Chat at https://serenity-bdd.rocket.chat      
 Serenity BDD Support and Training at http://serenity-bdd.info/#/trainingandsupport  
 Learn Serenity BDD online at http://serenity-dojo.com                               
-------------------------------------------------------------------------------------

11:12:42.473 [Test worker] INFO  n.t.c.steps.ConsoleLoggingListener - Test Suite Started: Search by keyword
11:12:42.485 [Test worker] INFO  n.t.c.steps.ConsoleLoggingListener - Test Suite Started: Search by keyword
11:12:51.307 [Test worker] ERROR n.t.c.steps.ConsoleLoggingListener - 
           __  _____ _____ ____ _____   _____ _    ___ _     _____ ____  
  _       / / |_   _| ____/ ___|_   _| |  ___/ \  |_ _| |   | ____|  _ \ 
 (_)_____| |    | | |  _| \___ \ | |   | |_ / _ \  | || |   |  _| | | | |
  _|_____| |    | | | |___ ___) || |   |  _/ ___ \ | || |___| |___| |_| |
 (_)     | |    |_| |_____|____/ |_|   |_|/_/   \_\___|_____|_____|____/ 
          \_\                                                            

TEST FAILED WITH ERROR: go to youtube
---------------------------------------------------------------------
11:12:51.364 [Test worker] ERROR n.t.c.steps.ConsoleLoggingListener - TEST FAILED AT STEP Sergey clears field [By.id: search-input]
11:12:51.365 [Test worker] ERROR n.t.c.steps.ConsoleLoggingListener - no such element: Unable to locate element: {"method":"css selector","selector":"#search\-input"}
Feature: Search by keyword

  Scenario: go to youtube           ?[90m# src/test/resources/features/test/test_example2.feature:3?[0m
    ?[32mGiven ?[0m?[32m?[0m?[32m?[1mSergey?[0m?[32m ejemplo test?[0m       ?[90m# ejemplo_test2.initial(String)?[0m
    ?[32mWhen ?[0m?[32mel buscan ?[0m?[32m?[1m"cucumber"?[0m       ?[90m# ejemplo_test2.search_for_test(String)?[0m
    ?[32mThen ?[0m?[32mvalidar titulos ?[0m?[32m?[1m"cucumber"?[0m ?[90m# ejemplo_test2.validate_titles(String)?[0m

1 Scenarios (?[32m1 passed?[0m)
3 Steps (?[32m3 passed?[0m)
0m8,992s

]]></system-out>
  <system-err><![CDATA[]]></system-err>
</testsuite>
