<?xml version="1.0" encoding="UTF-8"?>
<testsuite name="createUser" tests="1" skipped="0" failures="1" errors="0" timestamp="2020-02-28T20:14:29" hostname="iMac-de-juan.local" time="17.954">
  <properties/>
  <testcase name="Register" classname="createUser" time="17.954">
    <failure message="java.lang.AssertionError: &#10;Expected: an element that is visible&#10;     but: no matching element found by xpath: //div[@class= '_4bl7 _m-_ _8fgm']//div[@class='_58mf']//div[@id='reg_box']//form[@id='reg']//div[@class='clearfix _58mh']//div[@id='u_0_p']" type="java.lang.AssertionError">java.lang.AssertionError: 
Expected: an element that is visible
     but: no matching element found by xpath: //div[@class= '_4bl7 _m-_ _8fgm']//div[@class='_58mf']//div[@id='reg_box']//form[@id='reg']//div[@class='clearfix _58mh']//div[@id='u_0_p']
	at net.serenitybdd.screenplay.ErrorTally.throwSummaryExceptionFrom(ErrorTally.java:36)
	at net.serenitybdd.screenplay.ErrorTally.reportAnyErrors(ErrorTally.java:30)
	at net.serenitybdd.screenplay.Actor.should(Actor.java:300)
	at net.serenitybdd.screenplay.waits.WaitUntilBuilder$1.performAs(WaitUntilBuilder.java:29)
	at net.serenitybdd.screenplay.Actor.performTask(Actor.java:232)
	at net.serenitybdd.screenplay.Actor.perform(Actor.java:213)
	at net.serenitybdd.screenplay.Actor.performSilently(Actor.java:193)
	at net.serenitybdd.screenplay.Actor.attemptsTo(Actor.java:166)
	at starter.task.facebook.createNewUser.performAs(createNewUser.java:38)
	at net.serenitybdd.screenplay.Actor.performTask(Actor.java:232)
	at net.serenitybdd.screenplay.Actor.perform(Actor.java:213)
	at net.serenitybdd.screenplay.Actor.performWithoutReporting(Actor.java:197)
	at net.serenitybdd.screenplay.Actor.attemptsTo(Actor.java:168)
	at starter.stepdefinitions.FacebookRegister.nombre_apellido(FacebookRegister.java:47)
	at âœ½.&quot;fernado&quot; nombre ,&quot;montoya&quot; apellido(src/test/resources/features/test/facebookRegister.feature:5)
</failure>
  </testcase>
  <system-out><![CDATA[15:14:29.802 [Test worker] INFO  n.t.c.steps.ConsoleLoggingListener - 
 _____ _____ ____ _____   ____ _____  _    ____ _____ _____ ____  
|_   _| ____/ ___|_   _| / ___|_   _|/ \  |  _ \_   _| ____|  _ \ 
  | | |  _| \___ \ | |   \___ \ | | / _ \ | |_) || | |  _| | | | |
  | | | |___ ___) || |    ___) || |/ ___ \|  _ < | | | |___| |_| |
  |_| |_____|____/ |_|   |____/ |_/_/   \_\_| \_\|_| |_____|____/ 
                                                                  

TEST STARTED: Register
-------------------------------------------------------------------(createuser;register)
15:14:30.292 [Test worker] INFO  n.s.c.w.d.ProvideNewDriver - Instantiating driver
15:14:30.293 [Test worker] INFO  n.s.c.w.d.ProvideNewDriver - Driver capabilities: Capabilities {acceptInsecureCerts: false, browserName: chrome, chrome.switches: --start-maximized;--test-ty..., goog:chromeOptions: {args: [--start-maximized, --test-type, --no-sandbox, --ignore-certificate-errors;\n, --disable-popup-blocking, --disable-default-apps, --disable-extensions-file-a..., --incognito, --disable-infobars, --disable-gpu, --enable-automation, --test-type], extensions: []}, platform: ANY, version: }
]]></system-out>
  <system-err><![CDATA[feb 28, 2020 3:14:30 PM org.openqa.selenium.remote.DesiredCapabilities chrome
INFORMACI?N: Using `new ChromeOptions()` is preferred to `DesiredCapabilities.chrome()`
Starting ChromeDriver 79.0.3945.16 (93fcc21110c10dbbd49bbff8f472335360e31d05-refs/branch-heads/3945@{#262}) on port 14710
Only local connections are allowed.
Please protect ports used by ChromeDriver and related test frameworks to prevent access by malicious code.
feb 28, 2020 3:14:31 PM org.openqa.selenium.remote.ProtocolHandshake createSession
INFORMACI?N: Detected dialect: W3C
]]></system-err>
</testsuite>
