<?xml version="1.0" encoding="UTF-8"?>
<testsuite name="createUser" tests="1" skipped="0" failures="1" errors="0" timestamp="2020-03-03T20:32:12" hostname="iMac-de-juan.local" time="27.212">
  <properties/>
  <testcase name="Facebook Login And Like" classname="createUser" time="27.212">
    <failure message="java.lang.AssertionError: &#10;Expected: an element that is visible&#10;     but: no matching element found by xpath: //div[@class='_6iiu']//span[@class=' _18vi']//div[@class='_666k']//a[@class=' _6a-y _3l2t  _18vj']" type="java.lang.AssertionError">java.lang.AssertionError: 
Expected: an element that is visible
     but: no matching element found by xpath: //div[@class='_6iiu']//span[@class=' _18vi']//div[@class='_666k']//a[@class=' _6a-y _3l2t  _18vj']
	at net.serenitybdd.screenplay.ErrorTally.throwSummaryExceptionFrom(ErrorTally.java:36)
	at net.serenitybdd.screenplay.ErrorTally.reportAnyErrors(ErrorTally.java:30)
	at net.serenitybdd.screenplay.Actor.should(Actor.java:300)
	at net.serenitybdd.screenplay.waits.WaitUntilBuilder$1.performAs(WaitUntilBuilder.java:29)
	at net.serenitybdd.screenplay.Actor.performTask(Actor.java:232)
	at net.serenitybdd.screenplay.Actor.perform(Actor.java:213)
	at net.serenitybdd.screenplay.Actor.performSilently(Actor.java:193)
	at net.serenitybdd.screenplay.Actor.attemptsTo(Actor.java:166)
	at starter.task.facebook.LoginAndLikePublication.performAs(LoginAndLikePublication.java:52)
	at net.serenitybdd.screenplay.Actor.performTask(Actor.java:232)
	at net.serenitybdd.screenplay.Actor.perform(Actor.java:213)
	at net.serenitybdd.screenplay.Actor.performWithoutReporting(Actor.java:197)
	at net.serenitybdd.screenplay.Actor.attemptsTo(Actor.java:168)
	at starter.stepdefinitions.FacebookLoginAndLike.publicacion_a_darle_like(FacebookLoginAndLike.java:54)
	at ✽.&quot;https://www.facebook.com/photo.php?fbid=10219983675638494&amp;set=a.4219660566042&amp;type=3&amp;theater&quot; publicacion a darle like(src/test/resources/features/test/facebookLoginAndLike.feature:7)
</failure>
  </testcase>
  <system-out><![CDATA[15:32:12.047 [Test worker] INFO  n.t.c.steps.ConsoleLoggingListener - 
 _____ _____ ____ _____   ____ _____  _    ____ _____ _____ ____  
|_   _| ____/ ___|_   _| / ___|_   _|/ \  |  _ \_   _| ____|  _ \ 
  | | |  _| \___ \ | |   \___ \ | | / _ \ | |_) || | |  _| | | | |
  | | | |___ ___) || |    ___) || |/ ___ \|  _ < | | | |___| |_| |
  |_| |_____|____/ |_|   |____/ |_/_/   \_\_| \_\|_| |_____|____/ 
                                                                  

TEST STARTED: Facebook Login And Like
-------------------------------------------------------------------(createuser;facebook-login-and-like)
15:32:12.530 [Test worker] INFO  n.s.c.w.d.ProvideNewDriver - Instantiating driver
15:32:12.531 [Test worker] INFO  n.s.c.w.d.ProvideNewDriver - Driver capabilities: Capabilities {acceptInsecureCerts: false, browserName: chrome, chrome.switches: --start-maximized;--test-ty..., goog:chromeOptions: {args: [--start-maximized, --test-type, --no-sandbox, --ignore-certificate-errors;\n, --disable-popup-blocking, --disable-default-apps, --disable-extensions-file-a..., --incognito, --disable-infobars, --disable-gpu, --enable-automation, --test-type], extensions: []}, platform: ANY, version: }
]]></system-out>
  <system-err><![CDATA[mar 03, 2020 3:32:12 PM org.openqa.selenium.remote.DesiredCapabilities chrome
INFORMACIÓN: Using `new ChromeOptions()` is preferred to `DesiredCapabilities.chrome()`
Starting ChromeDriver 79.0.3945.16 (93fcc21110c10dbbd49bbff8f472335360e31d05-refs/branch-heads/3945@{#262}) on port 29174
Only local connections are allowed.
Please protect ports used by ChromeDriver and related test frameworks to prevent access by malicious code.
[1583267533.348][WARNING]: This version of ChromeDriver has not been tested with Chrome version 80.
mar 03, 2020 3:32:13 PM org.openqa.selenium.remote.ProtocolHandshake createSession
INFORMACIÓN: Detected dialect: W3C
]]></system-err>
</testsuite>
