<?xml version="1.0" encoding="UTF-8"?>
<testsuite name="Search by keyword" tests="1" skipped="0" failures="0" errors="0" timestamp="2020-02-04T14:01:14" hostname="iMac-de-juan.local" time="9.95">
  <properties/>
  <testcase name="Searching for a term" classname="Search by keyword" time="9.95"/>
  <system-out><![CDATA[09:01:14.486 [Test worker] INFO  n.t.c.steps.ConsoleLoggingListener - 
 _____ _____ ____ _____   ____ _____  _    ____ _____ _____ ____  
|_   _| ____/ ___|_   _| / ___|_   _|/ \  |  _ \_   _| ____|  _ \ 
  | | |  _| \___ \ | |   \___ \ | | / _ \ | |_) || | |  _| | | | |
  | | | |___ ___) || |    ___) || |/ ___ \|  _ < | | | |___| |_| |
  |_| |_____|____/ |_|   |____/ |_/_/   \_\_| \_\|_| |_____|____/ 
                                                                  

TEST STARTED: Searching for a term
-------------------------------------------------------------------(search-by-keyword;searching-for-a-term)
09:01:15.017 [Test worker] INFO  n.s.c.w.d.ProvideNewDriver - Instantiating driver
09:01:15.017 [Test worker] INFO  n.s.c.w.d.ProvideNewDriver - Driver capabilities: Capabilities {acceptInsecureCerts: false, browserName: chrome, chrome.switches: --start-maximized;--test-ty..., goog:chromeOptions: {args: [--start-maximized, --test-type, --no-sandbox, --ignore-certificate-errors;\n, --disable-popup-blocking, --disable-default-apps, --disable-extensions-file-a..., --incognito, --disable-infobars, --disable-gpu, --enable-automation, --test-type], extensions: []}, platform: ANY, version: }
09:01:24.230 [Test worker] WARN  n.s.s.targets.EnsureFieldVisible - Failed to move to target
org.openqa.selenium.NoSuchElementException: no such element: Unable to locate element: {"method":"css selector","selector":"#search_form_input_homepage"}
  (Session info: chrome=79.0.3945.130)
For documentation on this error, please visit: https://www.seleniumhq.org/exceptions/no_such_element.html
Build info: version: '3.141.59', revision: 'e82be7d358', time: '2018-11-14T08:17:03'
System info: host: 'iMac-de-juan.local', ip: 'fe80:0:0:0:89b:d6b:7bea:4a50%en0', os.name: 'Mac OS X', os.arch: 'x86_64', os.version: '10.15.2', java.version: '1.8.0_241'
Driver info: org.openqa.selenium.chrome.ChromeDriver
Capabilities {acceptInsecureCerts: false, browserName: chrome, browserVersion: 79.0.3945.130, chrome: {chromedriverVersion: 79.0.3945.16 (93fcc21110c10..., userDataDir: /var/folders/h6/_s9pywk560q...}, goog:chromeOptions: {debuggerAddress: localhost:62775}, javascriptEnabled: true, networkConnectionEnabled: false, pageLoadStrategy: normal, platform: MAC, platformName: MAC, proxy: Proxy(), setWindowRect: true, strictFileInteractability: false, timeouts: {implicit: 0, pageLoad: 300000, script: 30000}, unhandledPromptBehavior: dismiss and notify}
Session ID: 48c8ac19d373091fb852d47a8bc3211d
*** Element info: {Using=id, value=search_form_input_homepage}
	at sun.reflect.NativeConstructorAccessorImpl.newInstance0(Native Method)
	at sun.reflect.NativeConstructorAccessorImpl.newInstance(NativeConstructorAccessorImpl.java:62)
	at sun.reflect.DelegatingConstructorAccessorImpl.newInstance(DelegatingConstructorAccessorImpl.java:45)
	at java.lang.reflect.Constructor.newInstance(Constructor.java:423)
	at org.openqa.selenium.remote.http.W3CHttpResponseCodec.createException(W3CHttpResponseCodec.java:187)
	at org.openqa.selenium.remote.http.W3CHttpResponseCodec.decode(W3CHttpResponseCodec.java:122)
	at org.openqa.selenium.remote.http.W3CHttpResponseCodec.decode(W3CHttpResponseCodec.java:49)
	at org.openqa.selenium.remote.HttpCommandExecutor.execute(HttpCommandExecutor.java:158)
	at org.openqa.selenium.remote.service.DriverCommandExecutor.execute(DriverCommandExecutor.java:83)
	at org.openqa.selenium.remote.RemoteWebDriver.execute(RemoteWebDriver.java:552)
	at org.openqa.selenium.remote.RemoteWebDriver.findElement(RemoteWebDriver.java:323)
	at org.openqa.selenium.remote.RemoteWebDriver.findElementById(RemoteWebDriver.java:372)
	at org.openqa.selenium.By$ById.findElement(By.java:188)
	at org.openqa.selenium.remote.RemoteWebDriver.findElement(RemoteWebDriver.java:315)
	at net.thucydides.core.webdriver.WebDriverFacade.findElement(WebDriverFacade.java:222)
	at net.serenitybdd.core.pages.WebElementResolverByLocator.resolveForDriver(WebElementResolverByLocator.java:18)
	at net.serenitybdd.core.pages.WebElementFacadeImpl.getElement(WebElementFacadeImpl.java:217)
	at net.serenitybdd.core.pages.WebElementFacadeImpl.getWrappedElement(WebElementFacadeImpl.java:1359)
	at org.openqa.selenium.remote.internal.WebElementToJsonConverter.apply(WebElementToJsonConverter.java:50)
	at java.util.stream.ReferencePipeline$3$1.accept(ReferencePipeline.java:193)
	at java.util.Spliterators$ArraySpliterator.forEachRemaining(Spliterators.java:948)
	at java.util.stream.AbstractPipeline.copyInto(AbstractPipeline.java:482)
	at java.util.stream.AbstractPipeline.wrapAndCopyInto(AbstractPipeline.java:472)
	at java.util.stream.ReduceOps$ReduceOp.evaluateSequential(ReduceOps.java:708)
	at java.util.stream.AbstractPipeline.evaluate(AbstractPipeline.java:234)
	at java.util.stream.ReferencePipeline.collect(ReferencePipeline.java:499)
	at org.openqa.selenium.remote.RemoteWebDriver.executeScript(RemoteWebDriver.java:484)
	at net.thucydides.core.webdriver.javascript.JavascriptExecutorFacade.executeScript(JavascriptExecutorFacade.java:70)
	at net.serenitybdd.core.pages.PageObject.evaluateJavascript(PageObject.java:1177)
	at net.serenitybdd.screenplay.actions.ScrollTo.performScrollTo(ScrollTo.java:23)
	at net.serenitybdd.screenplay.actions.ScrollToWebElement.performAs(ScrollToWebElement.java:14)
	at net.serenitybdd.screenplay.Actor.performTask(Actor.java:232)
	at net.serenitybdd.screenplay.Actor.perform(Actor.java:213)
	at net.serenitybdd.screenplay.Actor.performWithoutReporting(Actor.java:197)
	at net.serenitybdd.screenplay.Actor.attemptsTo(Actor.java:168)
	at net.serenitybdd.screenplay.targets.EnsureFieldVisible.canSee(EnsureFieldVisible.java:26)
	at net.serenitybdd.screenplay.actions.ByAction.resolveFor(ByAction.java:27)
	at net.serenitybdd.screenplay.actions.ClearBy$$EnhancerByCGLIB$$7ac09db1.CGLIB$resolveFor$1(<generated>)
	at net.serenitybdd.screenplay.actions.ClearBy$$EnhancerByCGLIB$$7ac09db1$$FastClassByCGLIB$$3b3df950.invoke(<generated>)
	at net.sf.cglib.proxy.MethodProxy.invokeSuper(MethodProxy.java:228)
	at net.thucydides.core.steps.BaseMethodRunner.invokeMethod(BaseMethodRunner.java:10)
	at net.thucydides.core.steps.NormalMethodRunner.invokeMethodAndNotifyFailures(NormalMethodRunner.java:20)
	at net.thucydides.core.steps.StepInterceptor.runNormalMethod(StepInterceptor.java:390)
	at net.thucydides.core.steps.StepInterceptor.testStepResult(StepInterceptor.java:161)
	at net.thucydides.core.steps.StepInterceptor.intercept(StepInterceptor.java:72)
	at net.serenitybdd.screenplay.actions.ClearBy$$EnhancerByCGLIB$$7ac09db1.resolveFor(<generated>)
	at net.serenitybdd.screenplay.actions.ClearBy.performAs(ClearBy.java:13)
	at net.serenitybdd.screenplay.actions.ClearBy$$EnhancerByCGLIB$$7ac09db1.CGLIB$performAs$0(<generated>)
	at net.serenitybdd.screenplay.actions.ClearBy$$EnhancerByCGLIB$$7ac09db1$$FastClassByCGLIB$$3b3df950.invoke(<generated>)
	at net.sf.cglib.proxy.MethodProxy.invokeSuper(MethodProxy.java:228)
	at net.thucydides.core.steps.StepInterceptor.invokeMethod(StepInterceptor.java:478)
	at net.thucydides.core.steps.StepInterceptor.executeTestStepMethod(StepInterceptor.java:463)
	at net.thucydides.core.steps.StepInterceptor.runTestStep(StepInterceptor.java:438)
	at net.thucydides.core.steps.StepInterceptor.runOrSkipMethod(StepInterceptor.java:179)
	at net.thucydides.core.steps.StepInterceptor.testStepResult(StepInterceptor.java:166)
	at net.thucydides.core.steps.StepInterceptor.intercept(StepInterceptor.java:72)
	at net.serenitybdd.screenplay.actions.ClearBy$$EnhancerByCGLIB$$7ac09db1.performAs(<generated>)
	at net.serenitybdd.screenplay.Actor.performTask(Actor.java:232)
	at net.serenitybdd.screenplay.Actor.perform(Actor.java:213)
	at net.serenitybdd.screenplay.Actor.attemptsTo(Actor.java:170)
	at net.serenitybdd.screenplay.AnonymousPerformable.performAs(AnonymousPerformable.java:24)
	at net.serenitybdd.screenplay.AnonymousTask$$EnhancerByCGLIB$$12cc3406.CGLIB$performAs$4(<generated>)
	at net.serenitybdd.screenplay.AnonymousTask$$EnhancerByCGLIB$$12cc3406$$FastClassByCGLIB$$fb4b4508.invoke(<generated>)
	at net.sf.cglib.proxy.MethodProxy.invokeSuper(MethodProxy.java:228)
	at net.thucydides.core.steps.StepInterceptor.invokeMethod(StepInterceptor.java:478)
	at net.thucydides.core.steps.StepInterceptor.executeTestStepMethod(StepInterceptor.java:463)
	at net.thucydides.core.steps.StepInterceptor.runTestStep(StepInterceptor.java:438)
	at net.thucydides.core.steps.StepInterceptor.runOrSkipMethod(StepInterceptor.java:179)
	at net.thucydides.core.steps.StepInterceptor.testStepResult(StepInterceptor.java:166)
	at net.thucydides.core.steps.StepInterceptor.intercept(StepInterceptor.java:72)
	at net.serenitybdd.screenplay.AnonymousTask$$EnhancerByCGLIB$$12cc3406.performAs(<generated>)
	at net.serenitybdd.screenplay.Actor.performTask(Actor.java:232)
	at net.serenitybdd.screenplay.Actor.perform(Actor.java:213)
	at net.serenitybdd.screenplay.Actor.attemptsTo(Actor.java:170)
	at net.serenitybdd.screenplay.actors.OnStage.withCurrentActor(OnStage.java:50)
	at starter.stepdefinitions.SearchOnDuckDuckGoStepDefinitions.search_for(SearchOnDuckDuckGoStepDefinitions.java:35)
	at sun.reflect.NativeMethodAccessorImpl.invoke0(Native Method)
	at sun.reflect.NativeMethodAccessorImpl.invoke(NativeMethodAccessorImpl.java:62)
	at sun.reflect.DelegatingMethodAccessorImpl.invoke(DelegatingMethodAccessorImpl.java:43)
	at java.lang.reflect.Method.invoke(Method.java:498)
	at cucumber.runtime.Utils$1.call(Utils.java:26)
	at cucumber.runtime.Timeout.timeout(Timeout.java:16)
	at cucumber.runtime.Utils.invoke(Utils.java:20)
	at cucumber.runtime.java.JavaStepDefinition.execute(JavaStepDefinition.java:49)
	at cucumber.runner.PickleStepDefinitionMatch.runStep(PickleStepDefinitionMatch.java:50)
	at cucumber.runner.TestStep.executeStep(TestStep.java:63)
	at cucumber.runner.TestStep.run(TestStep.java:49)
	at cucumber.runner.PickleStepTestStep.run(PickleStepTestStep.java:43)
	at cucumber.runner.TestCase.run(TestCase.java:44)
	at cucumber.runner.Runner.runPickle(Runner.java:40)
	at cucumber.runtime.junit.PickleRunners$NoStepDescriptions.run(PickleRunners.java:146)
	at cucumber.runtime.junit.FeatureRunner.runChild(FeatureRunner.java:68)
	at cucumber.runtime.junit.FeatureRunner.runChild(FeatureRunner.java:23)
	at org.junit.runners.ParentRunner$3.run(ParentRunner.java:290)
	at org.junit.runners.ParentRunner$1.schedule(ParentRunner.java:71)
	at org.junit.runners.ParentRunner.runChildren(ParentRunner.java:288)
	at org.junit.runners.ParentRunner.access$000(ParentRunner.java:58)
	at org.junit.runners.ParentRunner$2.evaluate(ParentRunner.java:268)
	at org.junit.runners.ParentRunner.run(ParentRunner.java:363)
	at cucumber.runtime.junit.FeatureRunner.run(FeatureRunner.java:73)
	at net.serenitybdd.cucumber.CucumberWithSerenity.runChild(CucumberWithSerenity.java:193)
	at net.serenitybdd.cucumber.CucumberWithSerenity.runChild(CucumberWithSerenity.java:64)
	at org.junit.runners.ParentRunner$3.run(ParentRunner.java:290)
	at org.junit.runners.ParentRunner$1.schedule(ParentRunner.java:71)
	at org.junit.runners.ParentRunner.runChildren(ParentRunner.java:288)
	at org.junit.runners.ParentRunner.access$000(ParentRunner.java:58)
	at org.junit.runners.ParentRunner$2.evaluate(ParentRunner.java:268)
	at net.serenitybdd.cucumber.CucumberWithSerenity$1.evaluate(CucumberWithSerenity.java:202)
	at org.junit.runners.ParentRunner.run(ParentRunner.java:363)
	at org.gradle.api.internal.tasks.testing.junit.JUnitTestClassExecutor.runTestClass(JUnitTestClassExecutor.java:110)
	at org.gradle.api.internal.tasks.testing.junit.JUnitTestClassExecutor.execute(JUnitTestClassExecutor.java:58)
	at org.gradle.api.internal.tasks.testing.junit.JUnitTestClassExecutor.execute(JUnitTestClassExecutor.java:38)
	at org.gradle.api.internal.tasks.testing.junit.AbstractJUnitTestClassProcessor.processTestClass(AbstractJUnitTestClassProcessor.java:62)
	at org.gradle.api.internal.tasks.testing.SuiteTestClassProcessor.processTestClass(SuiteTestClassProcessor.java:51)
	at sun.reflect.NativeMethodAccessorImpl.invoke0(Native Method)
	at sun.reflect.NativeMethodAccessorImpl.invoke(NativeMethodAccessorImpl.java:62)
	at sun.reflect.DelegatingMethodAccessorImpl.invoke(DelegatingMethodAccessorImpl.java:43)
	at java.lang.reflect.Method.invoke(Method.java:498)
	at org.gradle.internal.dispatch.ReflectionDispatch.dispatch(ReflectionDispatch.java:36)
	at org.gradle.internal.dispatch.ReflectionDispatch.dispatch(ReflectionDispatch.java:24)
	at org.gradle.internal.dispatch.ContextClassLoaderDispatch.dispatch(ContextClassLoaderDispatch.java:33)
	at org.gradle.internal.dispatch.ProxyDispatchAdapter$DispatchingInvocationHandler.invoke(ProxyDispatchAdapter.java:94)
	at com.sun.proxy.$Proxy2.processTestClass(Unknown Source)
	at org.gradle.api.internal.tasks.testing.worker.TestWorker.processTestClass(TestWorker.java:118)
	at sun.reflect.NativeMethodAccessorImpl.invoke0(Native Method)
	at sun.reflect.NativeMethodAccessorImpl.invoke(NativeMethodAccessorImpl.java:62)
	at sun.reflect.DelegatingMethodAccessorImpl.invoke(DelegatingMethodAccessorImpl.java:43)
	at java.lang.reflect.Method.invoke(Method.java:498)
	at org.gradle.internal.dispatch.ReflectionDispatch.dispatch(ReflectionDispatch.java:36)
	at org.gradle.internal.dispatch.ReflectionDispatch.dispatch(ReflectionDispatch.java:24)
	at org.gradle.internal.remote.internal.hub.MessageHubBackedObjectConnection$DispatchWrapper.dispatch(MessageHubBackedObjectConnection.java:182)
	at org.gradle.internal.remote.internal.hub.MessageHubBackedObjectConnection$DispatchWrapper.dispatch(MessageHubBackedObjectConnection.java:164)
	at org.gradle.internal.remote.internal.hub.MessageHub$Handler.run(MessageHub.java:412)
	at org.gradle.internal.concurrent.ExecutorPolicy$CatchAndRecordFailures.onExecute(ExecutorPolicy.java:64)
	at org.gradle.internal.concurrent.ManagedExecutorImpl$1.run(ManagedExecutorImpl.java:48)
	at java.util.concurrent.ThreadPoolExecutor.runWorker(ThreadPoolExecutor.java:1149)
	at java.util.concurrent.ThreadPoolExecutor$Worker.run(ThreadPoolExecutor.java:624)
	at org.gradle.internal.concurrent.ThreadFactoryImpl$ManagedThreadRunnable.run(ThreadFactoryImpl.java:56)
	at java.lang.Thread.run(Thread.java:748)
]]></system-out>
  <system-err><![CDATA[feb 04, 2020 9:01:14 AM org.openqa.selenium.remote.DesiredCapabilities chrome
INFORMACI?N: Using `new ChromeOptions()` is preferred to `DesiredCapabilities.chrome()`
Starting ChromeDriver 79.0.3945.16 (93fcc21110c10dbbd49bbff8f472335360e31d05-refs/branch-heads/3945@{#262}) on port 35316
Only local connections are allowed.
Please protect ports used by ChromeDriver and related test frameworks to prevent access by malicious code.
feb 04, 2020 9:01:16 AM org.openqa.selenium.remote.ProtocolHandshake createSession
INFORMACI?N: Detected dialect: W3C
]]></system-err>
</testsuite>
