<?xml version="1.0" encoding="UTF-8"?>
<testsuite name="login_test_serenity_hakeadon" tests="1" skipped="0" failures="0" errors="0" timestamp="2020-02-24T15:05:48" hostname="DESKTOP-EM69N16" time="16.134">
  <properties/>
  <testcase name="login test" classname="login_test_serenity_hakeadon" time="16.134"/>
  <system-out><![CDATA[10:05:48.972 [Test worker] INFO  n.t.c.steps.ConsoleLoggingListener - 
 _____ _____ ____ _____   ____ _____  _    ____ _____ _____ ____  
|_   _| ____/ ___|_   _| / ___|_   _|/ \  |  _ \_   _| ____|  _ \ 
  | | |  _| \___ \ | |   \___ \ | | / _ \ | |_) || | |  _| | | | |
  | | | |___ ___) || |    ___) || |/ ___ \|  _ < | | | |___| |_| |
  |_| |_____|____/ |_|   |____/ |_/_/   \_\_| \_\|_| |_____|____/ 
                                                                  

TEST STARTED: login test
-------------------------------------------------------------------(login-test-serenity-hakeadon;login-test)
10:05:49.561 [Test worker] INFO  n.s.c.w.d.ProvideNewDriver - Instantiating driver
10:05:49.561 [Test worker] INFO  n.s.c.w.d.ProvideNewDriver - Driver capabilities: Capabilities {acceptInsecureCerts: false, browserName: chrome, chrome.switches: --start-maximized;--test-ty..., goog:chromeOptions: {args: [--start-maximized, --test-type, --no-sandbox, --ignore-certificate-errors..., --disable-popup-blocking, --disable-default-apps, --disable-extensions-file-a..., --incognito, --disable-infobars, --disable-gpu, --enable-automation, --test-type], extensions: []}, platform: ANY, version: }
]]></system-out>
  <system-err><![CDATA[feb 24, 2020 10:05:49 AM org.openqa.selenium.remote.DesiredCapabilities chrome
INFORMACIÓN: Using `new ChromeOptions()` is preferred to `DesiredCapabilities.chrome()`
Starting ChromeDriver 79.0.3945.36 (3582db32b33893869b8c1339e8f4d9ed1816f143-refs/branch-heads/3945@{#614}) on port 4914
Only local connections are allowed.
Please protect ports used by ChromeDriver and related test frameworks to prevent access by malicious code.
[1582556750.821][WARNING]: This version of ChromeDriver has not been tested with Chrome version 80.
[1582556752.824][WARNING]: Timed out connecting to Chrome, retrying...
feb 24, 2020 10:05:54 AM org.openqa.selenium.remote.ProtocolHandshake createSession
INFORMACIÓN: Detected dialect: W3C
]]></system-err>
</testsuite>
