<?xml version="1.0" encoding="UTF-8"?>
<testsuite name="createUser" tests="1" skipped="1" failures="0" errors="0" timestamp="2020-02-28T21:58:03" hostname="iMac-de-juan.local" time="102.041">
  <properties/>
  <testcase name="Facebook Register" classname="createUser" time="102.041">
    <skipped/>
  </testcase>
  <system-out><![CDATA[16:58:03.961 [Test worker] INFO  n.t.c.steps.ConsoleLoggingListener - 
 _____ _____ ____ _____   ____ _____  _    ____ _____ _____ ____  
|_   _| ____/ ___|_   _| / ___|_   _|/ \  |  _ \_   _| ____|  _ \ 
  | | |  _| \___ \ | |   \___ \ | | / _ \ | |_) || | |  _| | | | |
  | | | |___ ___) || |    ___) || |/ ___ \|  _ < | | | |___| |_| |
  |_| |_____|____/ |_|   |____/ |_/_/   \_\_| \_\|_| |_____|____/ 
                                                                  

TEST STARTED: Facebook Register
-------------------------------------------------------------------(createuser;facebook-register)
16:58:04.508 [Test worker] INFO  n.s.c.w.d.ProvideNewDriver - Instantiating driver
16:58:04.508 [Test worker] INFO  n.s.c.w.d.ProvideNewDriver - Driver capabilities: Capabilities {acceptInsecureCerts: false, browserName: chrome, chrome.switches: --start-maximized;--test-ty..., goog:chromeOptions: {args: [--start-maximized, --test-type, --no-sandbox, --ignore-certificate-errors;\n, --disable-popup-blocking, --disable-default-apps, --disable-extensions-file-a..., --incognito, --disable-infobars, --disable-gpu, --enable-automation, --test-type], extensions: []}, platform: ANY, version: }
]]></system-out>
  <system-err><![CDATA[feb 28, 2020 4:58:04 PM org.openqa.selenium.remote.DesiredCapabilities chrome
INFORMACIÓN: Using `new ChromeOptions()` is preferred to `DesiredCapabilities.chrome()`
Starting ChromeDriver 79.0.3945.16 (93fcc21110c10dbbd49bbff8f472335360e31d05-refs/branch-heads/3945@{#262}) on port 49076
Only local connections are allowed.
Please protect ports used by ChromeDriver and related test frameworks to prevent access by malicious code.
feb 28, 2020 4:58:05 PM org.openqa.selenium.remote.ProtocolHandshake createSession
INFORMACIÓN: Detected dialect: W3C
]]></system-err>
</testsuite>
